  Bullet.cpp
C:\Users\ASUS ROG\Desktop\Super Serious Space Shooter\cmp105-coursework-MartinPaule17\Coursework\CMP105App\Bullet.cpp(16,31): warning C4305: 'argument': truncation from 'double' to 'float'
C:\Users\ASUS ROG\Desktop\Super Serious Space Shooter\cmp105-coursework-MartinPaule17\Coursework\CMP105App\Bullet.cpp(26,25): warning C4244: 'argument': conversion from 'double' to 'float', possible loss of data
C:\Users\ASUS ROG\Desktop\Super Serious Space Shooter\cmp105-coursework-MartinPaule17\Coursework\CMP105App\Bullet.cpp(33,25): warning C4244: '=': conversion from 'double' to 'T', possible loss of data
          with
          [
              T=float
          ]
C:\Users\ASUS ROG\Desktop\Super Serious Space Shooter\cmp105-coursework-MartinPaule17\Coursework\CMP105App\Bullet.cpp(33,65): warning C4244: '=': conversion from 'double' to 'T', possible loss of data
          with
          [
              T=float
          ]
  BulletManager.cpp
C:\Users\ASUS ROG\Desktop\Super Serious Space Shooter\cmp105-coursework-MartinPaule17\Coursework\CMP105App\Entity.h(22,57): warning C4244: '=': conversion from 'float' to 'int', possible loss of data
C:\Users\ASUS ROG\Desktop\Super Serious Space Shooter\cmp105-coursework-MartinPaule17\Coursework\CMP105App\Player.h(33,56): warning C4244: '=': conversion from 'double' to 'int', possible loss of data
C:\Users\ASUS ROG\Desktop\Super Serious Space Shooter\cmp105-coursework-MartinPaule17\Coursework\CMP105App\EntityManager.h(67,29): warning C4267: 'return': conversion from 'size_t' to 'int', possible loss of data
C:\Users\ASUS ROG\Desktop\Super Serious Space Shooter\cmp105-coursework-MartinPaule17\Coursework\CMP105App\EntityManager.h(68,29): warning C4267: 'return': conversion from 'size_t' to 'int', possible loss of data
C:\Users\ASUS ROG\Desktop\Super Serious Space Shooter\cmp105-coursework-MartinPaule17\Coursework\CMP105App\EntityManager.h(69,31): warning C4267: 'return': conversion from 'size_t' to 'int', possible loss of data
C:\Users\ASUS ROG\Desktop\Super Serious Space Shooter\cmp105-coursework-MartinPaule17\Coursework\CMP105App\Framework\AudioManager.h(19,21): warning C4267: 'return': conversion from 'size_t' to 'int', possible loss of data
C:\Users\ASUS ROG\Desktop\Super Serious Space Shooter\cmp105-coursework-MartinPaule17\Coursework\CMP105App\BulletManager.h(36,29): warning C4267: 'return': conversion from 'size_t' to 'int', possible loss of data
C:\Users\ASUS ROG\Desktop\Super Serious Space Shooter\cmp105-coursework-MartinPaule17\Coursework\CMP105App\BulletManager.h(37,30): warning C4267: 'return': conversion from 'size_t' to 'int', possible loss of data
C:\Users\ASUS ROG\Desktop\Super Serious Space Shooter\cmp105-coursework-MartinPaule17\Coursework\CMP105App\BulletManager.h(38,25): warning C4267: 'return': conversion from 'size_t' to 'int', possible loss of data
C:\Users\ASUS ROG\Desktop\Super Serious Space Shooter\cmp105-coursework-MartinPaule17\Coursework\CMP105App\BulletManager.cpp(26,99): warning C4244: 'argument': conversion from 'double' to 'float', possible loss of data
C:\Users\ASUS ROG\Desktop\Super Serious Space Shooter\cmp105-coursework-MartinPaule17\Coursework\CMP105App\BulletManager.cpp(35,62): warning C4244: 'argument': conversion from 'double' to 'float', possible loss of data
  Car.cpp
C:\Users\ASUS ROG\Desktop\Super Serious Space Shooter\cmp105-coursework-MartinPaule17\Coursework\CMP105App\Car.cpp(17,32): warning C4305: 'argument': truncation from 'double' to 'T'
          with
          [
              T=float
          ]
  CollisionManager.cpp
C:\Users\ASUS ROG\Desktop\Super Serious Space Shooter\cmp105-coursework-MartinPaule17\Coursework\CMP105App\Entity.h(22,57): warning C4244: '=': conversion from 'float' to 'int', possible loss of data
C:\Users\ASUS ROG\Desktop\Super Serious Space Shooter\cmp105-coursework-MartinPaule17\Coursework\CMP105App\EntityManager.h(67,29): warning C4267: 'return': conversion from 'size_t' to 'int', possible loss of data
C:\Users\ASUS ROG\Desktop\Super Serious Space Shooter\cmp105-coursework-MartinPaule17\Coursework\CMP105App\EntityManager.h(68,29): warning C4267: 'return': conversion from 'size_t' to 'int', possible loss of data
C:\Users\ASUS ROG\Desktop\Super Serious Space Shooter\cmp105-coursework-MartinPaule17\Coursework\CMP105App\EntityManager.h(69,31): warning C4267: 'return': conversion from 'size_t' to 'int', possible loss of data
C:\Users\ASUS ROG\Desktop\Super Serious Space Shooter\cmp105-coursework-MartinPaule17\Coursework\CMP105App\Player.h(33,56): warning C4244: '=': conversion from 'double' to 'int', possible loss of data
C:\Users\ASUS ROG\Desktop\Super Serious Space Shooter\cmp105-coursework-MartinPaule17\Coursework\CMP105App\Framework\AudioManager.h(19,21): warning C4267: 'return': conversion from 'size_t' to 'int', possible loss of data
C:\Users\ASUS ROG\Desktop\Super Serious Space Shooter\cmp105-coursework-MartinPaule17\Coursework\CMP105App\BulletManager.h(36,29): warning C4267: 'return': conversion from 'size_t' to 'int', possible loss of data
C:\Users\ASUS ROG\Desktop\Super Serious Space Shooter\cmp105-coursework-MartinPaule17\Coursework\CMP105App\BulletManager.h(37,30): warning C4267: 'return': conversion from 'size_t' to 'int', possible loss of data
C:\Users\ASUS ROG\Desktop\Super Serious Space Shooter\cmp105-coursework-MartinPaule17\Coursework\CMP105App\BulletManager.h(38,25): warning C4267: 'return': conversion from 'size_t' to 'int', possible loss of data
  Enemy_BOSS_Musk.cpp
C:\Users\ASUS ROG\Desktop\Super Serious Space Shooter\cmp105-coursework-MartinPaule17\Coursework\CMP105App\Entity.h(22,57): warning C4244: '=': conversion from 'float' to 'int', possible loss of data
C:\Users\ASUS ROG\Desktop\Super Serious Space Shooter\cmp105-coursework-MartinPaule17\Coursework\CMP105App\Enemy_BOSS_Musk.cpp(13,23): warning C4305: 'argument': truncation from 'double' to 'float'
C:\Users\ASUS ROG\Desktop\Super Serious Space Shooter\cmp105-coursework-MartinPaule17\Coursework\CMP105App\Enemy_BOSS_Musk.cpp(14,28): warning C4305: 'argument': truncation from 'double' to 'float'
C:\Users\ASUS ROG\Desktop\Super Serious Space Shooter\cmp105-coursework-MartinPaule17\Coursework\CMP105App\Enemy_BOSS_Musk.cpp(15,31): warning C4305: 'argument': truncation from 'double' to 'float'
C:\Users\ASUS ROG\Desktop\Super Serious Space Shooter\cmp105-coursework-MartinPaule17\Coursework\CMP105App\Enemy_BOSS_Musk.cpp(16,28): warning C4305: 'argument': truncation from 'double' to 'float'
  EntityManager.cpp
C:\Users\ASUS ROG\Desktop\Super Serious Space Shooter\cmp105-coursework-MartinPaule17\Coursework\CMP105App\Entity.h(22,57): warning C4244: '=': conversion from 'float' to 'int', possible loss of data
C:\Users\ASUS ROG\Desktop\Super Serious Space Shooter\cmp105-coursework-MartinPaule17\Coursework\CMP105App\EntityManager.h(67,29): warning C4267: 'return': conversion from 'size_t' to 'int', possible loss of data
C:\Users\ASUS ROG\Desktop\Super Serious Space Shooter\cmp105-coursework-MartinPaule17\Coursework\CMP105App\EntityManager.h(68,29): warning C4267: 'return': conversion from 'size_t' to 'int', possible loss of data
C:\Users\ASUS ROG\Desktop\Super Serious Space Shooter\cmp105-coursework-MartinPaule17\Coursework\CMP105App\EntityManager.h(69,31): warning C4267: 'return': conversion from 'size_t' to 'int', possible loss of data
C:\Users\ASUS ROG\Desktop\Super Serious Space Shooter\cmp105-coursework-MartinPaule17\Coursework\CMP105App\EntityManager.cpp(14,44): warning C4244: 'argument': conversion from 'T' to 'float', possible loss of data
          with
          [
              T=unsigned int
          ]
C:\Users\ASUS ROG\Desktop\Super Serious Space Shooter\cmp105-coursework-MartinPaule17\Coursework\CMP105App\EntityManager.cpp(84,87): warning C4244: 'argument': conversion from 'T' to 'float', possible loss of data
          with
          [
              T=unsigned int
          ]
C:\Users\ASUS ROG\Desktop\Super Serious Space Shooter\cmp105-coursework-MartinPaule17\Coursework\CMP105App\EntityManager.cpp(84,74): warning C4244: 'argument': conversion from 'T' to 'float', possible loss of data
          with
          [
              T=unsigned int
          ]
C:\Users\ASUS ROG\Desktop\Super Serious Space Shooter\cmp105-coursework-MartinPaule17\Coursework\CMP105App\EntityManager.cpp(159,85): warning C4244: 'argument': conversion from 'T' to 'int', possible loss of data
          with
          [
              T=float
          ]
C:\Users\ASUS ROG\Desktop\Super Serious Space Shooter\cmp105-coursework-MartinPaule17\Coursework\CMP105App\EntityManager.cpp(159,55): warning C4244: 'argument': conversion from 'T' to 'int', possible loss of data
          with
          [
              T=float
          ]
C:\Users\ASUS ROG\Desktop\Super Serious Space Shooter\cmp105-coursework-MartinPaule17\Coursework\CMP105App\EntityManager.cpp(160,39): warning C4244: 'argument': conversion from 'T' to 'float', possible loss of data
          with
          [
              T=unsigned int
          ]
  Enemy_Elon_Guard.cpp
C:\Users\ASUS ROG\Desktop\Super Serious Space Shooter\cmp105-coursework-MartinPaule17\Coursework\CMP105App\Entity.h(22,57): warning C4244: '=': conversion from 'float' to 'int', possible loss of data
C:\Users\ASUS ROG\Desktop\Super Serious Space Shooter\cmp105-coursework-MartinPaule17\Coursework\CMP105App\Enemy_Elon_Guard.cpp(16,25): warning C4305: 'argument': truncation from 'double' to 'float'
C:\Users\ASUS ROG\Desktop\Super Serious Space Shooter\cmp105-coursework-MartinPaule17\Coursework\CMP105App\Enemy_Elon_Guard.cpp(17,33): warning C4305: 'argument': truncation from 'double' to 'float'
C:\Users\ASUS ROG\Desktop\Super Serious Space Shooter\cmp105-coursework-MartinPaule17\Coursework\CMP105App\Enemy_Elon_Guard.cpp(25,61): warning C4244: '=': conversion from 'T' to 'int', possible loss of data
          with
          [
              T=float
          ]
C:\Users\ASUS ROG\Desktop\Super Serious Space Shooter\cmp105-coursework-MartinPaule17\Coursework\CMP105App\Enemy_Elon_Guard.cpp(26,26): warning C4244: '=': conversion from 'float' to 'int', possible loss of data
C:\Users\ASUS ROG\Desktop\Super Serious Space Shooter\cmp105-coursework-MartinPaule17\Coursework\CMP105App\Enemy_Elon_Guard.cpp(27,61): warning C4244: 'argument': conversion from 'T' to 'float', possible loss of data
          with
          [
              T=unsigned int
          ]
C:\Users\ASUS ROG\Desktop\Super Serious Space Shooter\cmp105-coursework-MartinPaule17\Coursework\CMP105App\Enemy_Elon_Guard.cpp(27,34): warning C4244: 'argument': conversion from 'T' to 'float', possible loss of data
          with
          [
              T=unsigned int
          ]
  Enemy_TNT.cpp
C:\Users\ASUS ROG\Desktop\Super Serious Space Shooter\cmp105-coursework-MartinPaule17\Coursework\CMP105App\Entity.h(22,57): warning C4244: '=': conversion from 'float' to 'int', possible loss of data
C:\Users\ASUS ROG\Desktop\Super Serious Space Shooter\cmp105-coursework-MartinPaule17\Coursework\CMP105App\Enemy_TNT.cpp(13,23): warning C4305: 'argument': truncation from 'double' to 'float'
  Enemy_Ufo.cpp
C:\Users\ASUS ROG\Desktop\Super Serious Space Shooter\cmp105-coursework-MartinPaule17\Coursework\CMP105App\Entity.h(22,57): warning C4244: '=': conversion from 'float' to 'int', possible loss of data
C:\Users\ASUS ROG\Desktop\Super Serious Space Shooter\cmp105-coursework-MartinPaule17\Coursework\CMP105App\Enemy_Ufo.cpp(16,56): warning C4244: '=': conversion from 'T' to 'int', possible loss of data
          with
          [
              T=float
          ]
C:\Users\ASUS ROG\Desktop\Super Serious Space Shooter\cmp105-coursework-MartinPaule17\Coursework\CMP105App\Enemy_Ufo.cpp(17,26): warning C4244: '=': conversion from 'float' to 'int', possible loss of data
C:\Users\ASUS ROG\Desktop\Super Serious Space Shooter\cmp105-coursework-MartinPaule17\Coursework\CMP105App\Enemy_Ufo.cpp(18,46): warning C4244: 'argument': conversion from 'T' to 'float', possible loss of data
          with
          [
              T=unsigned int
          ]
C:\Users\ASUS ROG\Desktop\Super Serious Space Shooter\cmp105-coursework-MartinPaule17\Coursework\CMP105App\Enemy_Ufo.cpp(18,34): warning C4244: 'argument': conversion from 'T' to 'float', possible loss of data
          with
          [
              T=unsigned int
          ]
  Entity.cpp
C:\Users\ASUS ROG\Desktop\Super Serious Space Shooter\cmp105-coursework-MartinPaule17\Coursework\CMP105App\Entity.h(22,57): warning C4244: '=': conversion from 'float' to 'int', possible loss of data
  Explosion.cpp
C:\Users\ASUS ROG\Desktop\Super Serious Space Shooter\cmp105-coursework-MartinPaule17\Coursework\CMP105App\Explosion.cpp(11,30): warning C4305: 'argument': truncation from 'double' to 'float'
  Animation.cpp
  AudioManager.cpp
C:\Users\ASUS ROG\Desktop\Super Serious Space Shooter\cmp105-coursework-MartinPaule17\Coursework\CMP105App\Framework\AudioManager.h(19,21): warning C4267: 'return': conversion from 'size_t' to 'int', possible loss of data
  Collision.cpp
  GameState.cpp
  Input.cpp
  MusicObject.cpp
  GameObject.cpp
  SoundObject.cpp
  TileMap.cpp
  Generating Code...
  Compiling...
  Vector.cpp
  Granade.cpp
C:\Users\ASUS ROG\Desktop\Super Serious Space Shooter\cmp105-coursework-MartinPaule17\Coursework\CMP105App\Granade.cpp(10,25): warning C4305: 'argument': truncation from 'double' to 'float'
C:\Users\ASUS ROG\Desktop\Super Serious Space Shooter\cmp105-coursework-MartinPaule17\Coursework\CMP105App\Granade.cpp(17,34): warning C4244: '=': conversion from 'const T' to 'int', possible loss of data
          with
          [
              T=float
          ]
C:\Users\ASUS ROG\Desktop\Super Serious Space Shooter\cmp105-coursework-MartinPaule17\Coursework\CMP105App\Granade.cpp(18,34): warning C4244: '=': conversion from 'const T' to 'int', possible loss of data
          with
          [
              T=float
          ]
  Level.cpp
C:\Users\ASUS ROG\Desktop\Super Serious Space Shooter\cmp105-coursework-MartinPaule17\Coursework\CMP105App\Framework\AudioManager.h(19,21): warning C4267: 'return': conversion from 'size_t' to 'int', possible loss of data
C:\Users\ASUS ROG\Desktop\Super Serious Space Shooter\cmp105-coursework-MartinPaule17\Coursework\CMP105App\Entity.h(22,57): warning C4244: '=': conversion from 'float' to 'int', possible loss of data
C:\Users\ASUS ROG\Desktop\Super Serious Space Shooter\cmp105-coursework-MartinPaule17\Coursework\CMP105App\Player.h(33,56): warning C4244: '=': conversion from 'double' to 'int', possible loss of data
C:\Users\ASUS ROG\Desktop\Super Serious Space Shooter\cmp105-coursework-MartinPaule17\Coursework\CMP105App\EntityManager.h(67,29): warning C4267: 'return': conversion from 'size_t' to 'int', possible loss of data
C:\Users\ASUS ROG\Desktop\Super Serious Space Shooter\cmp105-coursework-MartinPaule17\Coursework\CMP105App\EntityManager.h(68,29): warning C4267: 'return': conversion from 'size_t' to 'int', possible loss of data
C:\Users\ASUS ROG\Desktop\Super Serious Space Shooter\cmp105-coursework-MartinPaule17\Coursework\CMP105App\EntityManager.h(69,31): warning C4267: 'return': conversion from 'size_t' to 'int', possible loss of data
C:\Users\ASUS ROG\Desktop\Super Serious Space Shooter\cmp105-coursework-MartinPaule17\Coursework\CMP105App\BulletManager.h(36,29): warning C4267: 'return': conversion from 'size_t' to 'int', possible loss of data
C:\Users\ASUS ROG\Desktop\Super Serious Space Shooter\cmp105-coursework-MartinPaule17\Coursework\CMP105App\BulletManager.h(37,30): warning C4267: 'return': conversion from 'size_t' to 'int', possible loss of data
C:\Users\ASUS ROG\Desktop\Super Serious Space Shooter\cmp105-coursework-MartinPaule17\Coursework\CMP105App\BulletManager.h(38,25): warning C4267: 'return': conversion from 'size_t' to 'int', possible loss of data
C:\Users\ASUS ROG\Desktop\Super Serious Space Shooter\cmp105-coursework-MartinPaule17\Coursework\CMP105App\Screen_MMenu.h(30,38): warning C4244: 'return': conversion from 'double' to 'float', possible loss of data
C:\Users\ASUS ROG\Desktop\Super Serious Space Shooter\cmp105-coursework-MartinPaule17\Coursework\CMP105App\Level.cpp(7,12): warning C4244: 'argument': conversion from 'time_t' to 'unsigned int', possible loss of data
C:\Users\ASUS ROG\Desktop\Super Serious Space Shooter\cmp105-coursework-MartinPaule17\Coursework\CMP105App\Level.cpp(19,81): warning C4244: 'argument': conversion from 'T' to 'T', possible loss of data
          with
          [
              T=unsigned int
          ]
          and
          [
              T=float
          ]
C:\Users\ASUS ROG\Desktop\Super Serious Space Shooter\cmp105-coursework-MartinPaule17\Coursework\CMP105App\Level.cpp(19,55): warning C4244: 'argument': conversion from 'T' to 'T', possible loss of data
          with
          [
              T=unsigned int
          ]
          and
          [
              T=float
          ]
C:\Users\ASUS ROG\Desktop\Super Serious Space Shooter\cmp105-coursework-MartinPaule17\Coursework\CMP105App\Level.cpp(25,98): warning C4244: 'argument': conversion from 'T' to 'float', possible loss of data
          with
          [
              T=unsigned int
          ]
C:\Users\ASUS ROG\Desktop\Super Serious Space Shooter\cmp105-coursework-MartinPaule17\Coursework\CMP105App\Level.cpp(30,65): warning C4244: 'argument': conversion from 'T' to 'float', possible loss of data
          with
          [
              T=unsigned int
          ]
C:\Users\ASUS ROG\Desktop\Super Serious Space Shooter\cmp105-coursework-MartinPaule17\Coursework\CMP105App\Level.cpp(30,40): warning C4244: 'argument': conversion from 'T' to 'float', possible loss of data
          with
          [
              T=unsigned int
          ]
C:\Users\ASUS ROG\Desktop\Super Serious Space Shooter\cmp105-coursework-MartinPaule17\Coursework\CMP105App\Level.cpp(77,34): warning C4244: 'argument': conversion from 'int' to 'float', possible loss of data
C:\Users\ASUS ROG\Desktop\Super Serious Space Shooter\cmp105-coursework-MartinPaule17\Coursework\CMP105App\Level.cpp(162,61): warning C4244: 'argument': conversion from 'int' to 'float', possible loss of data
C:\Users\ASUS ROG\Desktop\Super Serious Space Shooter\cmp105-coursework-MartinPaule17\Coursework\CMP105App\Level.cpp(170,60): warning C4244: 'argument': conversion from 'int' to 'float', possible loss of data
C:\Users\ASUS ROG\Desktop\Super Serious Space Shooter\cmp105-coursework-MartinPaule17\Coursework\CMP105App\Level.cpp(209,167): warning C4244: 'argument': conversion from 'int' to 'float', possible loss of data
  Main.cpp
C:\Users\ASUS ROG\Desktop\Super Serious Space Shooter\cmp105-coursework-MartinPaule17\Coursework\CMP105App\Framework\AudioManager.h(19,21): warning C4267: 'return': conversion from 'size_t' to 'int', possible loss of data
C:\Users\ASUS ROG\Desktop\Super Serious Space Shooter\cmp105-coursework-MartinPaule17\Coursework\CMP105App\Entity.h(22,57): warning C4244: '=': conversion from 'float' to 'int', possible loss of data
C:\Users\ASUS ROG\Desktop\Super Serious Space Shooter\cmp105-coursework-MartinPaule17\Coursework\CMP105App\Player.h(33,56): warning C4244: '=': conversion from 'double' to 'int', possible loss of data
C:\Users\ASUS ROG\Desktop\Super Serious Space Shooter\cmp105-coursework-MartinPaule17\Coursework\CMP105App\EntityManager.h(67,29): warning C4267: 'return': conversion from 'size_t' to 'int', possible loss of data
C:\Users\ASUS ROG\Desktop\Super Serious Space Shooter\cmp105-coursework-MartinPaule17\Coursework\CMP105App\EntityManager.h(68,29): warning C4267: 'return': conversion from 'size_t' to 'int', possible loss of data
C:\Users\ASUS ROG\Desktop\Super Serious Space Shooter\cmp105-coursework-MartinPaule17\Coursework\CMP105App\EntityManager.h(69,31): warning C4267: 'return': conversion from 'size_t' to 'int', possible loss of data
C:\Users\ASUS ROG\Desktop\Super Serious Space Shooter\cmp105-coursework-MartinPaule17\Coursework\CMP105App\BulletManager.h(36,29): warning C4267: 'return': conversion from 'size_t' to 'int', possible loss of data
C:\Users\ASUS ROG\Desktop\Super Serious Space Shooter\cmp105-coursework-MartinPaule17\Coursework\CMP105App\BulletManager.h(37,30): warning C4267: 'return': conversion from 'size_t' to 'int', possible loss of data
C:\Users\ASUS ROG\Desktop\Super Serious Space Shooter\cmp105-coursework-MartinPaule17\Coursework\CMP105App\BulletManager.h(38,25): warning C4267: 'return': conversion from 'size_t' to 'int', possible loss of data
C:\Users\ASUS ROG\Desktop\Super Serious Space Shooter\cmp105-coursework-MartinPaule17\Coursework\CMP105App\Screen_MMenu.h(30,38): warning C4244: 'return': conversion from 'double' to 'float', possible loss of data
  Pickup_Heal.cpp
  Pickup_Shield.cpp
  Pickup_Upgrade.cpp
  Player.cpp
C:\Users\ASUS ROG\Desktop\Super Serious Space Shooter\cmp105-coursework-MartinPaule17\Coursework\CMP105App\Entity.h(22,57): warning C4244: '=': conversion from 'float' to 'int', possible loss of data
C:\Users\ASUS ROG\Desktop\Super Serious Space Shooter\cmp105-coursework-MartinPaule17\Coursework\CMP105App\Player.h(33,56): warning C4244: '=': conversion from 'double' to 'int', possible loss of data
C:\Users\ASUS ROG\Desktop\Super Serious Space Shooter\cmp105-coursework-MartinPaule17\Coursework\CMP105App\Player.cpp(11,23): warning C4305: 'argument': truncation from 'double' to 'float'
  Screen_GameOver.cpp
C:\Users\ASUS ROG\Desktop\Super Serious Space Shooter\cmp105-coursework-MartinPaule17\Coursework\CMP105App\Screen_GameOver.cpp(8,80): warning C4244: 'argument': conversion from 'T' to 'T', possible loss of data
          with
          [
              T=unsigned int
          ]
          and
          [
              T=float
          ]
C:\Users\ASUS ROG\Desktop\Super Serious Space Shooter\cmp105-coursework-MartinPaule17\Coursework\CMP105App\Screen_GameOver.cpp(8,54): warning C4244: 'argument': conversion from 'T' to 'T', possible loss of data
          with
          [
              T=unsigned int
          ]
          and
          [
              T=float
          ]
C:\Users\ASUS ROG\Desktop\Super Serious Space Shooter\cmp105-coursework-MartinPaule17\Coursework\CMP105App\Screen_GameOver.cpp(18,105): warning C4244: 'argument': conversion from 'T' to 'float', possible loss of data
          with
          [
              T=unsigned int
          ]
  Screen_MMenu.cpp
C:\Users\ASUS ROG\Desktop\Super Serious Space Shooter\cmp105-coursework-MartinPaule17\Coursework\CMP105App\Entity.h(22,57): warning C4244: '=': conversion from 'float' to 'int', possible loss of data
C:\Users\ASUS ROG\Desktop\Super Serious Space Shooter\cmp105-coursework-MartinPaule17\Coursework\CMP105App\Player.h(33,56): warning C4244: '=': conversion from 'double' to 'int', possible loss of data
C:\Users\ASUS ROG\Desktop\Super Serious Space Shooter\cmp105-coursework-MartinPaule17\Coursework\CMP105App\Framework\AudioManager.h(19,21): warning C4267: 'return': conversion from 'size_t' to 'int', possible loss of data
C:\Users\ASUS ROG\Desktop\Super Serious Space Shooter\cmp105-coursework-MartinPaule17\Coursework\CMP105App\Screen_MMenu.h(30,38): warning C4244: 'return': conversion from 'double' to 'float', possible loss of data
C:\Users\ASUS ROG\Desktop\Super Serious Space Shooter\cmp105-coursework-MartinPaule17\Coursework\CMP105App\Screen_MMenu.cpp(24,43): warning C4244: 'argument': conversion from 'T' to 'float', possible loss of data
          with
          [
              T=unsigned int
          ]
C:\Users\ASUS ROG\Desktop\Super Serious Space Shooter\cmp105-coursework-MartinPaule17\Coursework\CMP105App\Screen_MMenu.cpp(26,28): warning C4305: 'argument': truncation from 'double' to 'float'
C:\Users\ASUS ROG\Desktop\Super Serious Space Shooter\cmp105-coursework-MartinPaule17\Coursework\CMP105App\Screen_MMenu.cpp(30,43): warning C4244: 'argument': conversion from 'T' to 'float', possible loss of data
          with
          [
              T=unsigned int
          ]
C:\Users\ASUS ROG\Desktop\Super Serious Space Shooter\cmp105-coursework-MartinPaule17\Coursework\CMP105App\Screen_MMenu.cpp(34,43): warning C4244: 'argument': conversion from 'T' to 'float', possible loss of data
          with
          [
              T=unsigned int
          ]
C:\Users\ASUS ROG\Desktop\Super Serious Space Shooter\cmp105-coursework-MartinPaule17\Coursework\CMP105App\Screen_MMenu.cpp(38,43): warning C4244: 'argument': conversion from 'T' to 'float', possible loss of data
          with
          [
              T=unsigned int
          ]
C:\Users\ASUS ROG\Desktop\Super Serious Space Shooter\cmp105-coursework-MartinPaule17\Coursework\CMP105App\Screen_MMenu.cpp(42,43): warning C4244: 'argument': conversion from 'T' to 'float', possible loss of data
          with
          [
              T=unsigned int
          ]
C:\Users\ASUS ROG\Desktop\Super Serious Space Shooter\cmp105-coursework-MartinPaule17\Coursework\CMP105App\Screen_MMenu.cpp(54,66): warning C4244: 'argument': conversion from 'int' to 'float', possible loss of data
C:\Users\ASUS ROG\Desktop\Super Serious Space Shooter\cmp105-coursework-MartinPaule17\Coursework\CMP105App\Screen_MMenu.cpp(54,55): warning C4244: 'argument': conversion from 'T' to 'float', possible loss of data
          with
          [
              T=unsigned int
          ]
C:\Users\ASUS ROG\Desktop\Super Serious Space Shooter\cmp105-coursework-MartinPaule17\Coursework\CMP105App\Screen_MMenu.cpp(59,62): warning C4244: 'argument': conversion from 'int' to 'float', possible loss of data
C:\Users\ASUS ROG\Desktop\Super Serious Space Shooter\cmp105-coursework-MartinPaule17\Coursework\CMP105App\Screen_MMenu.cpp(59,53): warning C4244: 'argument': conversion from 'T' to 'float', possible loss of data
          with
          [
              T=unsigned int
          ]
C:\Users\ASUS ROG\Desktop\Super Serious Space Shooter\cmp105-coursework-MartinPaule17\Coursework\CMP105App\Screen_MMenu.cpp(63,92): warning C4244: 'argument': conversion from 'int' to 'float', possible loss of data
C:\Users\ASUS ROG\Desktop\Super Serious Space Shooter\cmp105-coursework-MartinPaule17\Coursework\CMP105App\Screen_MMenu.cpp(63,60): warning C4244: 'argument': conversion from 'T' to 'float', possible loss of data
          with
          [
              T=unsigned int
          ]
C:\Users\ASUS ROG\Desktop\Super Serious Space Shooter\cmp105-coursework-MartinPaule17\Coursework\CMP105App\Screen_MMenu.cpp(67,58): warning C4244: 'argument': conversion from 'int' to 'float', possible loss of data
C:\Users\ASUS ROG\Desktop\Super Serious Space Shooter\cmp105-coursework-MartinPaule17\Coursework\CMP105App\Screen_MMenu.cpp(67,49): warning C4244: 'argument': conversion from 'T' to 'float', possible loss of data
          with
          [
              T=unsigned int
          ]
C:\Users\ASUS ROG\Desktop\Super Serious Space Shooter\cmp105-coursework-MartinPaule17\Coursework\CMP105App\Screen_MMenu.cpp(73,69): warning C4244: 'argument': conversion from 'T' to 'float', possible loss of data
          with
          [
              T=unsigned int
          ]
C:\Users\ASUS ROG\Desktop\Super Serious Space Shooter\cmp105-coursework-MartinPaule17\Coursework\CMP105App\Screen_MMenu.cpp(73,44): warning C4244: 'argument': conversion from 'T' to 'float', possible loss of data
          with
          [
              T=unsigned int
          ]
C:\Users\ASUS ROG\Desktop\Super Serious Space Shooter\cmp105-coursework-MartinPaule17\Coursework\CMP105App\Screen_MMenu.cpp(77,44): warning C4244: 'argument': conversion from 'T' to 'float', possible loss of data
          with
          [
              T=unsigned int
          ]
C:\Users\ASUS ROG\Desktop\Super Serious Space Shooter\cmp105-coursework-MartinPaule17\Coursework\CMP105App\Screen_MMenu.cpp(84,44): warning C4244: 'argument': conversion from 'T' to 'float', possible loss of data
          with
          [
              T=unsigned int
          ]
C:\Users\ASUS ROG\Desktop\Super Serious Space Shooter\cmp105-coursework-MartinPaule17\Coursework\CMP105App\Screen_MMenu.cpp(94,47): warning C4244: 'argument': conversion from 'T' to 'float', possible loss of data
          with
          [
              T=unsigned int
          ]
C:\Users\ASUS ROG\Desktop\Super Serious Space Shooter\cmp105-coursework-MartinPaule17\Coursework\CMP105App\Screen_MMenu.cpp(172,38): warning C4305: 'argument': truncation from 'double' to 'float'
C:\Users\ASUS ROG\Desktop\Super Serious Space Shooter\cmp105-coursework-MartinPaule17\Coursework\CMP105App\Screen_MMenu.cpp(179,38): warning C4305: 'argument': truncation from 'double' to 'float'
C:\Users\ASUS ROG\Desktop\Super Serious Space Shooter\cmp105-coursework-MartinPaule17\Coursework\CMP105App\Screen_MMenu.cpp(192,38): warning C4305: 'argument': truncation from 'double' to 'float'
C:\Users\ASUS ROG\Desktop\Super Serious Space Shooter\cmp105-coursework-MartinPaule17\Coursework\CMP105App\Screen_MMenu.cpp(214,37): warning C4305: 'argument': truncation from 'double' to 'float'
C:\Users\ASUS ROG\Desktop\Super Serious Space Shooter\cmp105-coursework-MartinPaule17\Coursework\CMP105App\Screen_MMenu.cpp(225,50): warning C4244: 'argument': conversion from 'int' to 'float', possible loss of data
C:\Users\ASUS ROG\Desktop\Super Serious Space Shooter\cmp105-coursework-MartinPaule17\Coursework\CMP105App\Screen_MMenu.cpp(229,75): warning C4244: 'argument': conversion from 'int' to 'float', possible loss of data
C:\Users\ASUS ROG\Desktop\Super Serious Space Shooter\cmp105-coursework-MartinPaule17\Coursework\CMP105App\Screen_MMenu.cpp(231,64): warning C4244: 'argument': conversion from 'int' to 'float', possible loss of data
C:\Users\ASUS ROG\Desktop\Super Serious Space Shooter\cmp105-coursework-MartinPaule17\Coursework\CMP105App\Screen_MMenu.cpp(232,63): warning C4244: 'argument': conversion from 'int' to 'float', possible loss of data
C:\Users\ASUS ROG\Desktop\Super Serious Space Shooter\cmp105-coursework-MartinPaule17\Coursework\CMP105App\Screen_MMenu.cpp(241,50): warning C4244: 'argument': conversion from 'int' to 'float', possible loss of data
C:\Users\ASUS ROG\Desktop\Super Serious Space Shooter\cmp105-coursework-MartinPaule17\Coursework\CMP105App\Screen_MMenu.cpp(245,76): warning C4244: 'argument': conversion from 'int' to 'float', possible loss of data
C:\Users\ASUS ROG\Desktop\Super Serious Space Shooter\cmp105-coursework-MartinPaule17\Coursework\CMP105App\Screen_MMenu.cpp(247,64): warning C4244: 'argument': conversion from 'int' to 'float', possible loss of data
C:\Users\ASUS ROG\Desktop\Super Serious Space Shooter\cmp105-coursework-MartinPaule17\Coursework\CMP105App\Screen_MMenu.cpp(248,63): warning C4244: 'argument': conversion from 'int' to 'float', possible loss of data
C:\Users\ASUS ROG\Desktop\Super Serious Space Shooter\cmp105-coursework-MartinPaule17\Coursework\CMP105App\Screen_MMenu.cpp(278,73): warning C4244: 'argument': conversion from 'int' to 'float', possible loss of data
C:\Users\ASUS ROG\Desktop\Super Serious Space Shooter\cmp105-coursework-MartinPaule17\Coursework\CMP105App\Screen_MMenu.cpp(280,47): warning C4244: 'argument': conversion from 'int' to 'float', possible loss of data
C:\Users\ASUS ROG\Desktop\Super Serious Space Shooter\cmp105-coursework-MartinPaule17\Coursework\CMP105App\Screen_MMenu.cpp(281,61): warning C4244: 'argument': conversion from 'int' to 'float', possible loss of data
C:\Users\ASUS ROG\Desktop\Super Serious Space Shooter\cmp105-coursework-MartinPaule17\Coursework\CMP105App\Screen_MMenu.cpp(282,60): warning C4244: 'argument': conversion from 'int' to 'float', possible loss of data
  Screen_Upgrade.cpp
C:\Users\ASUS ROG\Desktop\Super Serious Space Shooter\cmp105-coursework-MartinPaule17\Coursework\CMP105App\Entity.h(22,57): warning C4244: '=': conversion from 'float' to 'int', possible loss of data
C:\Users\ASUS ROG\Desktop\Super Serious Space Shooter\cmp105-coursework-MartinPaule17\Coursework\CMP105App\EntityManager.h(67,29): warning C4267: 'return': conversion from 'size_t' to 'int', possible loss of data
C:\Users\ASUS ROG\Desktop\Super Serious Space Shooter\cmp105-coursework-MartinPaule17\Coursework\CMP105App\EntityManager.h(68,29): warning C4267: 'return': conversion from 'size_t' to 'int', possible loss of data
C:\Users\ASUS ROG\Desktop\Super Serious Space Shooter\cmp105-coursework-MartinPaule17\Coursework\CMP105App\EntityManager.h(69,31): warning C4267: 'return': conversion from 'size_t' to 'int', possible loss of data
C:\Users\ASUS ROG\Desktop\Super Serious Space Shooter\cmp105-coursework-MartinPaule17\Coursework\CMP105App\Screen_Upgrade.cpp(6,64): warning C4244: 'argument': conversion from 'T' to 'float', possible loss of data
          with
          [
              T=unsigned int
          ]
C:\Users\ASUS ROG\Desktop\Super Serious Space Shooter\cmp105-coursework-MartinPaule17\Coursework\CMP105App\Screen_Upgrade.cpp(6,40): warning C4244: 'argument': conversion from 'T' to 'float', possible loss of data
          with
          [
              T=unsigned int
          ]
C:\Users\ASUS ROG\Desktop\Super Serious Space Shooter\cmp105-coursework-MartinPaule17\Coursework\CMP105App\Screen_Upgrade.cpp(7,71): warning C4244: 'argument': conversion from 'T' to 'float', possible loss of data
          with
          [
              T=unsigned int
          ]
C:\Users\ASUS ROG\Desktop\Super Serious Space Shooter\cmp105-coursework-MartinPaule17\Coursework\CMP105App\Screen_Upgrade.cpp(7,46): warning C4244: 'argument': conversion from 'T' to 'float', possible loss of data
          with
          [
              T=unsigned int
          ]
C:\Users\ASUS ROG\Desktop\Super Serious Space Shooter\cmp105-coursework-MartinPaule17\Coursework\CMP105App\Screen_Upgrade.cpp(8,71): warning C4244: 'argument': conversion from 'T' to 'float', possible loss of data
          with
          [
              T=unsigned int
          ]
C:\Users\ASUS ROG\Desktop\Super Serious Space Shooter\cmp105-coursework-MartinPaule17\Coursework\CMP105App\Screen_Upgrade.cpp(8,46): warning C4244: 'argument': conversion from 'T' to 'float', possible loss of data
          with
          [
              T=unsigned int
          ]
C:\Users\ASUS ROG\Desktop\Super Serious Space Shooter\cmp105-coursework-MartinPaule17\Coursework\CMP105App\Screen_Upgrade.cpp(9,71): warning C4244: 'argument': conversion from 'T' to 'float', possible loss of data
          with
          [
              T=unsigned int
          ]
C:\Users\ASUS ROG\Desktop\Super Serious Space Shooter\cmp105-coursework-MartinPaule17\Coursework\CMP105App\Screen_Upgrade.cpp(9,46): warning C4244: 'argument': conversion from 'T' to 'float', possible loss of data
          with
          [
              T=unsigned int
          ]
  Shield.cpp
C:\Users\ASUS ROG\Desktop\Super Serious Space Shooter\cmp105-coursework-MartinPaule17\Coursework\CMP105App\Shield.cpp(9,25): warning C4305: 'argument': truncation from 'double' to 'float'
  StarrySky.cpp
C:\Users\ASUS ROG\Desktop\Super Serious Space Shooter\cmp105-coursework-MartinPaule17\Coursework\CMP105App\StarrySky.cpp(8,74): warning C4244: 'argument': conversion from 'T' to 'T', possible loss of data
          with
          [
              T=unsigned int
          ]
          and
          [
              T=float
          ]
C:\Users\ASUS ROG\Desktop\Super Serious Space Shooter\cmp105-coursework-MartinPaule17\Coursework\CMP105App\StarrySky.cpp(8,52): warning C4244: 'argument': conversion from 'T' to 'T', possible loss of data
          with
          [
              T=unsigned int
          ]
          and
          [
              T=float
          ]
C:\Users\ASUS ROG\Desktop\Super Serious Space Shooter\cmp105-coursework-MartinPaule17\Coursework\CMP105App\StarrySky.cpp(9,73): warning C4244: 'argument': conversion from 'T' to 'T', possible loss of data
          with
          [
              T=unsigned int
          ]
          and
          [
              T=float
          ]
C:\Users\ASUS ROG\Desktop\Super Serious Space Shooter\cmp105-coursework-MartinPaule17\Coursework\CMP105App\StarrySky.cpp(9,51): warning C4244: 'argument': conversion from 'T' to 'T', possible loss of data
          with
          [
              T=unsigned int
          ]
          and
          [
              T=float
          ]
  Upgrade_Att_Dmg.cpp
C:\Users\ASUS ROG\Desktop\Super Serious Space Shooter\cmp105-coursework-MartinPaule17\Coursework\CMP105App\Upgrade_Att_Dmg.cpp(8,25): warning C4305: 'argument': truncation from 'double' to 'float'
  Upgrade_Att_Speed.cpp
C:\Users\ASUS ROG\Desktop\Super Serious Space Shooter\cmp105-coursework-MartinPaule17\Coursework\CMP105App\Upgrade_Att_Speed.cpp(8,25): warning C4305: 'argument': truncation from 'double' to 'float'
  Upgrade_Max_Hp.cpp
C:\Users\ASUS ROG\Desktop\Super Serious Space Shooter\cmp105-coursework-MartinPaule17\Coursework\CMP105App\Upgrade_Max_Hp.cpp(8,25): warning C4305: 'argument': truncation from 'double' to 'float'
  Upgrade_Shot_Nr.cpp
C:\Users\ASUS ROG\Desktop\Super Serious Space Shooter\cmp105-coursework-MartinPaule17\Coursework\CMP105App\Upgrade_Shot_Nr.cpp(8,25): warning C4305: 'argument': truncation from 'double' to 'float'
  Generating Code...
  CMP105App.vcxproj -> C:\Users\ASUS ROG\Desktop\Super Serious Space Shooter\cmp105-coursework-MartinPaule17\Coursework\x64\Debug\CMP105App.exe
